2023-04-22 10:58:49 [scrapy.utils.log] INFO: Scrapy 2.8.0 started (bot: scrapybot)
2023-04-22 10:58:49 [scrapy.utils.log] INFO: Versions: lxml 4.9.2.0, libxml2 2.9.12, cssselect 1.2.0, parsel 1.8.1, w3lib 2.1.1, Twisted 22.10.0, Python 3.9.11 (tags/v3.9.11:2de452f, Mar 16 2022, 14:33:45) [MSC v.1929 64 bit (AMD64)], pyOpenSSL 23.1.1 (OpenSSL 3.1.0 14 Mar 2023), cryptography 40.0.2, Platform Windows-10-10.0.19045-SP0
2023-04-22 10:58:50 [scrapy.crawler] INFO: Overridden settings:
{'LOG_FILE': 'example.log',
 'ROBOTSTXT_OBEY': True,
 'SPIDER_LOADER_WARN_ONLY': True,
 'USER_AGENT': 'advertools/0.13.2'}
2023-04-22 10:58:50 [py.warnings] WARNING: C:\Users\thesm\OneDrive\Desktop\advertools\venv\lib\site-packages\scrapy\utils\request.py:232: ScrapyDeprecationWarning: '2.6' is a deprecated value for the 'REQUEST_FINGERPRINTER_IMPLEMENTATION' setting.

It is also the default value. In other words, it is normal to get this warning if you have not defined a value for the 'REQUEST_FINGERPRINTER_IMPLEMENTATION' setting. This is so for backward compatibility reasons, but it will change in a future version of Scrapy.

See the documentation of the 'REQUEST_FINGERPRINTER_IMPLEMENTATION' setting for information on how to handle this deprecation.
  return cls(crawler)

2023-04-22 10:58:50 [scrapy.utils.log] DEBUG: Using reactor: twisted.internet.selectreactor.SelectReactor
2023-04-22 10:58:50 [scrapy.extensions.telnet] INFO: Telnet Password: d16d53f7bcbf4359
2023-04-22 10:58:50 [scrapy.middleware] INFO: Enabled extensions:
['scrapy.extensions.corestats.CoreStats',
 'scrapy.extensions.telnet.TelnetConsole',
 'scrapy.extensions.feedexport.FeedExporter',
 'scrapy.extensions.logstats.LogStats']
2023-04-22 10:58:51 [scrapy.middleware] INFO: Enabled downloader middlewares:
['scrapy.downloadermiddlewares.robotstxt.RobotsTxtMiddleware',
 'scrapy.downloadermiddlewares.httpauth.HttpAuthMiddleware',
 'scrapy.downloadermiddlewares.downloadtimeout.DownloadTimeoutMiddleware',
 'scrapy.downloadermiddlewares.defaultheaders.DefaultHeadersMiddleware',
 'scrapy.downloadermiddlewares.useragent.UserAgentMiddleware',
 'scrapy.downloadermiddlewares.retry.RetryMiddleware',
 'scrapy.downloadermiddlewares.redirect.MetaRefreshMiddleware',
 'scrapy.downloadermiddlewares.httpcompression.HttpCompressionMiddleware',
 'scrapy.downloadermiddlewares.redirect.RedirectMiddleware',
 'scrapy.downloadermiddlewares.cookies.CookiesMiddleware',
 'scrapy.downloadermiddlewares.httpproxy.HttpProxyMiddleware',
 'scrapy.downloadermiddlewares.stats.DownloaderStats']
2023-04-22 10:58:51 [scrapy.middleware] INFO: Enabled spider middlewares:
['scrapy.spidermiddlewares.httperror.HttpErrorMiddleware',
 'scrapy.spidermiddlewares.offsite.OffsiteMiddleware',
 'scrapy.spidermiddlewares.referer.RefererMiddleware',
 'scrapy.spidermiddlewares.urllength.UrlLengthMiddleware',
 'scrapy.spidermiddlewares.depth.DepthMiddleware']
2023-04-22 10:58:51 [scrapy.middleware] INFO: Enabled item pipelines:
[]
2023-04-22 10:58:51 [scrapy.core.engine] INFO: Spider opened
2023-04-22 10:58:51 [scrapy.extensions.logstats] INFO: Crawled 0 pages (at 0 pages/min), scraped 0 items (at 0 items/min)
2023-04-22 10:58:51 [scrapy.extensions.telnet] INFO: Telnet console listening on 127.0.0.1:6023
2023-04-22 10:58:51 [scrapy.core.engine] DEBUG: Crawled (404) <GET https://example.com/robots.txt> (referer: None)
2023-04-22 10:58:51 [protego] DEBUG: Rule at line 12 without any user agent to enforce it on.
2023-04-22 10:58:51 [protego] DEBUG: Rule at line 13 without any user agent to enforce it on.
2023-04-22 10:58:51 [protego] DEBUG: Rule at line 14 without any user agent to enforce it on.
2023-04-22 10:58:51 [protego] DEBUG: Rule at line 18 without any user agent to enforce it on.
2023-04-22 10:58:51 [protego] DEBUG: Rule at line 19 without any user agent to enforce it on.
2023-04-22 10:58:51 [protego] DEBUG: Rule at line 20 without any user agent to enforce it on.
2023-04-22 10:58:51 [protego] DEBUG: Rule at line 22 without any user agent to enforce it on.
2023-04-22 10:58:51 [protego] DEBUG: Rule at line 23 without any user agent to enforce it on.
2023-04-22 10:58:51 [protego] DEBUG: Rule at line 25 without any user agent to enforce it on.
2023-04-22 10:58:51 [protego] DEBUG: Rule at line 27 without any user agent to enforce it on.
2023-04-22 10:58:51 [protego] DEBUG: Rule at line 29 without any user agent to enforce it on.
2023-04-22 10:58:51 [protego] DEBUG: Rule at line 31 without any user agent to enforce it on.
2023-04-22 10:58:51 [protego] DEBUG: Rule at line 32 without any user agent to enforce it on.
2023-04-22 10:58:51 [protego] DEBUG: Rule at line 43 without any user agent to enforce it on.
2023-04-22 10:58:51 [scrapy.core.engine] DEBUG: Crawled (200) <GET https://example.com> (referer: None)
2023-04-22 10:58:51 [py.warnings] WARNING: C:\Users\thesm\OneDrive\Desktop\advertools\venv\lib\site-packages\scrapy\selector\unified.py:83: UserWarning: Selector got both text and root, root is being ignored.
  super().__init__(text=text, type=st, root=root, **kwargs)

2023-04-22 10:58:51 [scrapy.core.scraper] DEBUG: Scraped from <200 https://example.com>
2023-04-22 10:58:51 [scrapy.spidermiddlewares.offsite] DEBUG: Filtered offsite request to 'www.iana.org': <GET https://www.iana.org/domains/example>
2023-04-22 10:58:51 [scrapy.core.engine] INFO: Closing spider (finished)
2023-04-22 10:58:51 [scrapy.extensions.feedexport] INFO: Stored jl feed (1 items) in: example.jl
2023-04-22 10:58:51 [scrapy.statscollectors] INFO: Dumping Scrapy stats:
{'downloader/request_bytes': 398,
 'downloader/request_count': 2,
 'downloader/request_method_count/GET': 2,
 'downloader/response_bytes': 2040,
 'downloader/response_count': 2,
 'downloader/response_status_count/200': 1,
 'downloader/response_status_count/404': 1,
 'elapsed_time_seconds': 0.248511,
 'feedexport/success_count/FileFeedStorage': 1,
 'finish_reason': 'finished',
 'finish_time': datetime.datetime(2023, 4, 22, 14, 58, 51, 981213),
 'httpcompression/response_bytes': 2512,
 'httpcompression/response_count': 2,
 'item_scraped_count': 1,
 'log_count/DEBUG': 19,
 'log_count/INFO': 11,
 'log_count/WARNING': 2,
 'offsite/domains': 1,
 'offsite/filtered': 1,
 'request_depth_max': 1,
 'response_received_count': 2,
 'robotstxt/request_count': 1,
 'robotstxt/response_count': 1,
 'robotstxt/response_status_count/404': 1,
 'scheduler/dequeued': 1,
 'scheduler/dequeued/memory': 1,
 'scheduler/enqueued': 1,
 'scheduler/enqueued/memory': 1,
 'start_time': datetime.datetime(2023, 4, 22, 14, 58, 51, 732702)}
2023-04-22 10:58:51 [scrapy.core.engine] INFO: Spider closed (finished)
